<?xml version="1.0" encoding="UTF-8"?>
<!-- Generated by org.testng.reporters.JUnitXMLReporter -->
<testsuite ignored="1" hostname="RGDevice" failures="0" tests="2" name="Test1" time="0.083" errors="0" timestamp="2023-10-22T17:56:02 IST">
  <testcase classname="TestNG_MultiBroswser.example" name="test1" time="0.012"/>
  <testcase classname="TestNG_MultiBroswser.example" name="test2" time="0.001"/>
  <testcase classname="TestNG_MultiBroswser.example" name="test3" time="0.0">
    <ignored/>
  </testcase> <!-- test3 -->
</testsuite> <!-- Test1 -->
